[{"line":1,"elements":[{"start_timestamp":"2024-07-25T05:53:54.491Z","before":[{"result":{"duration":2182163300,"status":"passed"},"match":{"location":"execution.AppHooks.launchBrowser()"}}],"line":2,"name":"verify title of page","description":"","id":"home-page-functionality;verify-title-of-page","type":"scenario","keyword":"Scenario","steps":[{"result":{"duration":9412648500,"status":"passed"},"line":3,"name":"user is at the landing page","match":{"location":"execution.HomePageSteps.user_is_at_the_landing_page()"},"keyword":"Given "},{"result":{"duration":21467000,"status":"passed"},"line":4,"name":"page title should contains \"Shopping\"","match":{"arguments":[{"val":"\"Shopping\"","offset":27}],"location":"execution.HomePageSteps.page_title_should_contains(java.lang.String)"},"keyword":"Then "}]},{"start_timestamp":"2024-07-25T05:54:06.229Z","before":[{"result":{"duration":1602067200,"status":"passed"},"match":{"location":"execution.AppHooks.launchBrowser()"}}],"line":5,"name":"verify cart icon","description":"","id":"home-page-functionality;verify-cart-icon","type":"scenario","keyword":"Scenario","steps":[{"result":{"duration":8028245300,"status":"passed"},"line":6,"name":"user is at the landing page","match":{"location":"execution.HomePageSteps.user_is_at_the_landing_page()"},"keyword":"Given "},{"result":{"duration":5173732200,"status":"passed"},"line":7,"name":"cart icon should get display","match":{"location":"execution.HomePageSteps.cart_icon_should_get_display()"},"keyword":"Then "}]},{"start_timestamp":"2024-07-25T05:54:21.107Z","before":[{"result":{"duration":1909690900,"status":"passed"},"match":{"location":"execution.AppHooks.launchBrowser()"}}],"line":8,"name":"checkout deals section","description":"","id":"home-page-functionality;checkout-deals-section","type":"scenario","keyword":"Scenario","steps":[{"result":{"duration":1592205700,"status":"passed"},"line":9,"name":"user is at the landing page","match":{"location":"execution.HomePageSteps.user_is_at_the_landing_page()"},"keyword":"Given "},{"result":{"error_message":"org.openqa.selenium.TimeoutException: Expected condition failed: waiting for visibility of Proxy element for: DefaultElementLocator 'By.xpath: //*[@class='a-carousel-card']//img[@alt='Amazon fashion']' (tried for 60 second(s) with 500 milliseconds interval)\r\n\tat org.openqa.selenium.support.ui.WebDriverWait.timeoutException(WebDriverWait.java:84)\r\n\tat org.openqa.selenium.support.ui.FluentWait.until(FluentWait.java:228)\r\n\tat pages.HomePage.carouselNavigation(HomePage.java:58)\r\n\tat execution.HomePageSteps.user_clicks_on_fashion_link(HomePageSteps.java:48)\r\n\tat âœ½.user clicks on fashion link(file:///C:/Users/HP/eclipse-workspace/ATTCucumber/src/test/resources/execution/HomePage.feature:10)\r\nCaused by: org.openqa.selenium.NoSuchElementException: no such element: Unable to locate element: {\"method\":\"xpath\",\"selector\":\"//*[@class='a-carousel-card']//img[@alt='Amazon fashion']\"}\n  (Session info: chrome=126.0.6478.183)\nFor documentation on this error, please visit: https://www.selenium.dev/documentation/webdriver/troubleshooting/errors#no-such-element-exception\nBuild info: version: '4.23.0', revision: '4df0a231af'\nSystem info: os.name: 'Windows 11', os.arch: 'amd64', os.version: '10.0', java.version: '17.0.5'\nDriver info: org.openqa.selenium.chrome.ChromeDriver\nCommand: [fd181224167aa08f839b27b89695bb15, findElement {using=xpath, value=//*[@class='a-carousel-card']//img[@alt='Amazon fashion']}]\nCapabilities {acceptInsecureCerts: false, browserName: chrome, browserVersion: 126.0.6478.183, chrome: {chromedriverVersion: 126.0.6478.182 (5b5d8292ddf..., userDataDir: C:\\Users\\HP\\AppData\\Local\\T...}, fedcm:accounts: true, goog:chromeOptions: {debuggerAddress: localhost:54787}, networkConnectionEnabled: false, pageLoadStrategy: normal, platformName: windows, proxy: Proxy(), se:cdp: ws://localhost:54787/devtoo..., se:cdpVersion: 126.0.6478.183, setWindowRect: true, strictFileInteractability: false, timeouts: {implicit: 0, pageLoad: 300000, script: 30000}, unhandledPromptBehavior: dismiss and notify, webauthn:extension:credBlob: true, webauthn:extension:largeBlob: true, webauthn:extension:minPinLength: true, webauthn:extension:prf: true, webauthn:virtualAuthenticators: true}\nSession ID: fd181224167aa08f839b27b89695bb15\r\n\tat jdk.internal.reflect.GeneratedConstructorAccessor14.newInstance(Unknown Source)\r\n\tat java.base/jdk.internal.reflect.DelegatingConstructorAccessorImpl.newInstance(DelegatingConstructorAccessorImpl.java:45)\r\n\tat java.base/java.lang.reflect.Constructor.newInstanceWithCaller(Constructor.java:499)\r\n\tat java.base/java.lang.reflect.Constructor.newInstance(Constructor.java:480)\r\n\tat org.openqa.selenium.remote.ErrorCodec.decode(ErrorCodec.java:167)\r\n\tat org.openqa.selenium.remote.codec.w3c.W3CHttpResponseCodec.decode(W3CHttpResponseCodec.java:138)\r\n\tat org.openqa.selenium.remote.codec.w3c.W3CHttpResponseCodec.decode(W3CHttpResponseCodec.java:50)\r\n\tat org.openqa.selenium.remote.HttpCommandExecutor.execute(HttpCommandExecutor.java:190)\r\n\tat org.openqa.selenium.remote.service.DriverCommandExecutor.invokeExecute(DriverCommandExecutor.java:216)\r\n\tat org.openqa.selenium.remote.service.DriverCommandExecutor.execute(DriverCommandExecutor.java:174)\r\n\tat org.openqa.selenium.remote.RemoteWebDriver.execute(RemoteWebDriver.java:527)\r\n\tat org.openqa.selenium.remote.ElementLocation$ElementFinder$2.findElement(ElementLocation.java:165)\r\n\tat org.openqa.selenium.remote.ElementLocation.findElement(ElementLocation.java:59)\r\n\tat org.openqa.selenium.remote.RemoteWebDriver.findElement(RemoteWebDriver.java:357)\r\n\tat org.openqa.selenium.remote.RemoteWebDriver.findElement(RemoteWebDriver.java:351)\r\n\tat org.openqa.selenium.support.pagefactory.DefaultElementLocator.findElement(DefaultElementLocator.java:68)\r\n\tat org.openqa.selenium.support.pagefactory.internal.LocatingElementHandler.invoke(LocatingElementHandler.java:38)\r\n\tat jdk.proxy2/jdk.proxy2.$Proxy27.isDisplayed(Unknown Source)\r\n\tat org.openqa.selenium.support.ui.ExpectedConditions.elementIfVisible(ExpectedConditions.java:304)\r\n\tat org.openqa.selenium.support.ui.ExpectedConditions$10.apply(ExpectedConditions.java:290)\r\n\tat org.openqa.selenium.support.ui.ExpectedConditions$10.apply(ExpectedConditions.java:287)\r\n\tat org.openqa.selenium.support.ui.FluentWait.until(FluentWait.java:203)\r\n\tat pages.HomePage.carouselNavigation(HomePage.java:58)\r\n\tat execution.HomePageSteps.user_clicks_on_fashion_link(HomePageSteps.java:48)\r\n\tat java.base/jdk.internal.reflect.NativeMethodAccessorImpl.invoke0(Native Method)\r\n\tat java.base/jdk.internal.reflect.NativeMethodAccessorImpl.invoke(NativeMethodAccessorImpl.java:77)\r\n\tat java.base/jdk.internal.reflect.DelegatingMethodAccessorImpl.invoke(DelegatingMethodAccessorImpl.java:43)\r\n\tat java.base/java.lang.reflect.Method.invoke(Method.java:568)\r\n\tat io.cucumber.java.Invoker.doInvoke(Invoker.java:66)\r\n\tat io.cucumber.java.Invoker.invoke(Invoker.java:24)\r\n\tat io.cucumber.java.AbstractGlueDefinition.invokeMethod(AbstractGlueDefinition.java:47)\r\n\tat io.cucumber.java.JavaStepDefinition.execute(JavaStepDefinition.java:29)\r\n\tat io.cucumber.core.runner.CoreStepDefinition.execute(CoreStepDefinition.java:66)\r\n\tat io.cucumber.core.runner.PickleStepDefinitionMatch.runStep(PickleStepDefinitionMatch.java:63)\r\n\tat io.cucumber.core.runner.ExecutionMode$1.execute(ExecutionMode.java:10)\r\n\tat io.cucumber.core.runner.TestStep.executeStep(TestStep.java:84)\r\n\tat io.cucumber.core.runner.TestStep.run(TestStep.java:56)\r\n\tat io.cucumber.core.runner.PickleStepTestStep.run(PickleStepTestStep.java:51)\r\n\tat io.cucumber.core.runner.TestCase.run(TestCase.java:84)\r\n\tat io.cucumber.core.runner.Runner.runPickle(Runner.java:75)\r\n\tat io.cucumber.testng.TestNGCucumberRunner.lambda$runScenario$1(TestNGCucumberRunner.java:132)\r\n\tat io.cucumber.core.runtime.CucumberExecutionContext.lambda$runTestCase$5(CucumberExecutionContext.java:137)\r\n\tat io.cucumber.core.runtime.RethrowingThrowableCollector.executeAndThrow(RethrowingThrowableCollector.java:23)\r\n\tat io.cucumber.core.runtime.CucumberExecutionContext.runTestCase(CucumberExecutionContext.java:137)\r\n\tat io.cucumber.testng.TestNGCucumberRunner.runScenario(TestNGCucumberRunner.java:129)\r\n\tat io.cucumber.testng.AbstractTestNGCucumberTests.runScenario(AbstractTestNGCucumberTests.java:35)\r\n\tat java.base/jdk.internal.reflect.NativeMethodAccessorImpl.invoke0(Native Method)\r\n\tat java.base/jdk.internal.reflect.NativeMethodAccessorImpl.invoke(NativeMethodAccessorImpl.java:77)\r\n\tat java.base/jdk.internal.reflect.DelegatingMethodAccessorImpl.invoke(DelegatingMethodAccessorImpl.java:43)\r\n\tat java.base/java.lang.reflect.Method.invoke(Method.java:568)\r\n\tat org.testng.internal.invokers.MethodInvocationHelper.invokeMethod(MethodInvocationHelper.java:139)\r\n\tat org.testng.internal.invokers.TestInvoker.invokeMethod(TestInvoker.java:677)\r\n\tat org.testng.internal.invokers.TestInvoker.invokeTestMethod(TestInvoker.java:221)\r\n\tat org.testng.internal.invokers.MethodRunner.runInSequence(MethodRunner.java:50)\r\n\tat org.testng.internal.invokers.TestInvoker$MethodInvocationAgent.invoke(TestInvoker.java:969)\r\n\tat org.testng.internal.invokers.TestInvoker.invokeTestMethods(TestInvoker.java:194)\r\n\tat org.testng.internal.invokers.TestMethodWorker.invokeTestMethods(TestMethodWorker.java:148)\r\n\tat org.testng.internal.invokers.TestMethodWorker.run(TestMethodWorker.java:128)\r\n\tat java.base/java.util.ArrayList.forEach(ArrayList.java:1511)\r\n\tat org.testng.TestRunner.privateRun(TestRunner.java:829)\r\n\tat org.testng.TestRunner.run(TestRunner.java:602)\r\n\tat org.testng.SuiteRunner.runTest(SuiteRunner.java:437)\r\n\tat org.testng.SuiteRunner.runSequentially(SuiteRunner.java:431)\r\n\tat org.testng.SuiteRunner.privateRun(SuiteRunner.java:391)\r\n\tat org.testng.SuiteRunner.run(SuiteRunner.java:330)\r\n\tat org.testng.SuiteRunnerWorker.runSuite(SuiteRunnerWorker.java:52)\r\n\tat org.testng.SuiteRunnerWorker.run(SuiteRunnerWorker.java:95)\r\n\tat org.testng.TestNG.runSuitesSequentially(TestNG.java:1256)\r\n\tat org.testng.TestNG.runSuitesLocally(TestNG.java:1176)\r\n\tat org.testng.TestNG.runSuites(TestNG.java:1099)\r\n\tat org.testng.TestNG.run(TestNG.java:1067)\r\n\tat org.testng.remote.AbstractRemoteTestNG.run(AbstractRemoteTestNG.java:115)\r\n\tat org.testng.remote.RemoteTestNG.initAndRun(RemoteTestNG.java:251)\r\n\tat org.testng.remote.RemoteTestNG.main(RemoteTestNG.java:77)\r\n","duration":60167374800,"status":"failed"},"line":10,"name":"user clicks on fashion link","match":{"location":"execution.HomePageSteps.user_clicks_on_fashion_link()"},"keyword":"When "},{"result":{"duration":1000000,"status":"skipped"},"line":11,"name":"user should redirect to fashion page","match":{},"keyword":"Then "}]},{"start_timestamp":"2024-07-25T05:55:24.840Z","before":[{"result":{"duration":1525090600,"status":"passed"},"match":{"location":"execution.AppHooks.launchBrowser()"}}],"line":12,"name":"login to application","description":"","id":"home-page-functionality;login-to-application","type":"scenario","keyword":"Scenario","steps":[{"result":{"duration":6578263000,"status":"passed"},"line":13,"name":"user is at the landing page","match":{"location":"execution.HomePageSteps.user_is_at_the_landing_page()"},"keyword":"Given "},{"result":{"duration":2051282500,"status":"passed"},"line":14,"name":"user enters the username as \"9405514515\"","match":{"arguments":[{"val":"\"9405514515\"","offset":28}],"location":"execution.HomePageSteps.user_enters_the_username_as(java.lang.String)"},"keyword":"When "},{"result":{"duration":650809500,"status":"passed"},"line":15,"name":"user enters the password as \"Shubham@amazon\"","match":{"arguments":[{"val":"\"Shubham@amazon\"","offset":28}],"location":"execution.HomePageSteps.user_enters_the_password_as(java.lang.String)"},"keyword":"And "}]}],"name":"Home page functionality","description":"","id":"home-page-functionality","keyword":"Feature","uri":"file:src/test/resources/execution/HomePage.feature","tags":[]}]